INFO: [VRFC 10-2263] Analyzing Verilog file "D:/AGH/AGH_sem6/SR/Procesor_lab/processor/processor.srcs/sources_1/new/ALU.v" into library xil_defaultlib
INFO: [VRFC 10-311] analyzing module ALU
INFO: [VRFC 10-311] analyzing module equal_0
INFO: [VRFC 10-311] analyzing module sum
INFO: [VRFC 10-311] analyzing module AND
INFO: [VRFC 10-2263] Analyzing Verilog file "D:/AGH/AGH_sem6/SR/Procesor_lab/processor/processor.srcs/sources_1/imports/Procesor_lab/d_mem.v" into library xil_defaultlib
INFO: [VRFC 10-311] analyzing module d_mem
INFO: [VRFC 10-2263] Analyzing Verilog file "D:/AGH/AGH_sem6/SR/Procesor_lab/processor/processor.srcs/sources_1/new/decoder.v" into library xil_defaultlib
INFO: [VRFC 10-311] analyzing module decoder
INFO: [VRFC 10-2263] Analyzing Verilog file "D:/AGH/AGH_sem6/SR/Procesor_lab/processor/processor.srcs/sources_1/imports/Procesor_lab/i_mem.v" into library xil_defaultlib
INFO: [VRFC 10-311] analyzing module i_mem
INFO: [VRFC 10-2263] Analyzing Verilog file "D:/AGH/AGH_sem6/SR/Procesor_lab/processor/processor.srcs/sources_1/new/jump_cond.v" into library xil_defaultlib
INFO: [VRFC 10-311] analyzing module jump_cond
INFO: [VRFC 10-2263] Analyzing Verilog file "D:/AGH/AGH_sem6/SR/Procesor_lab/processor/processor.srcs/sources_1/new/multiplexer.v" into library xil_defaultlib
INFO: [VRFC 10-311] analyzing module multiplexer
INFO: [VRFC 10-2263] Analyzing Verilog file "D:/AGH/AGH_sem6/SR/Procesor_lab/processor/processor.srcs/sources_1/new/processor.v" into library xil_defaultlib
INFO: [VRFC 10-311] analyzing module processor
INFO: [VRFC 10-2263] Analyzing Verilog file "D:/AGH/AGH_sem6/SR/Procesor_lab/processor/processor.srcs/sources_1/new/register.v" into library xil_defaultlib
INFO: [VRFC 10-311] analyzing module register
INFO: [VRFC 10-2263] Analyzing Verilog file "D:/AGH/AGH_sem6/SR/Procesor_lab/processor/processor.srcs/sim_1/new/testbench_processor.v" into library xil_defaultlib
INFO: [VRFC 10-311] analyzing module testbench_processor
